<?xml version="1.0" encoding="UTF-8"?>
<testng-results ignored="0" total="2" passed="2" failed="0" skipped="0">
  <reporter-output>
  </reporter-output>
  <suite started-at="2022-09-14T07:40:45Z" name="All Test Suite" finished-at="2022-09-14T07:41:28Z" duration-ms="43266">
    <groups>
    </groups>
    <test started-at="2022-09-14T07:40:45Z" name="British Web Page Test" finished-at="2022-09-14T07:41:28Z" duration-ms="43266">
      <class name="testpages.BritishWeb_HomepageTest">
        <test-method is-config="true" signature="intialization()[pri:0, instance:testpages.BritishWeb_HomepageTest@65b104b9]" started-at="2022-09-14T07:40:45Z" name="intialization" finished-at="2022-09-14T07:40:56Z" duration-ms="10789" status="PASS">
          <reporter-output>
          </reporter-output>
        </test-method> <!-- intialization -->
        <test-method signature="clickCreateAccount()[pri:1, instance:testpages.BritishWeb_HomepageTest@65b104b9]" started-at="2022-09-14T07:40:56Z" name="clickCreateAccount" finished-at="2022-09-14T07:40:57Z" duration-ms="1208" status="PASS">
          <reporter-output>
          </reporter-output>
        </test-method> <!-- clickCreateAccount -->
        <test-method signature="checkBritishRedCrossMenuList()[pri:2, instance:testpages.BritishWeb_HomepageTest@65b104b9]" started-at="2022-09-14T07:40:57Z" name="checkBritishRedCrossMenuList" finished-at="2022-09-14T07:41:28Z" duration-ms="30867" status="PASS">
          <reporter-output>
          </reporter-output>
        </test-method> <!-- checkBritishRedCrossMenuList -->
      </class> <!-- testpages.BritishWeb_HomepageTest -->
    </test> <!-- British Web Page Test -->
  </suite> <!-- All Test Suite -->
</testng-results>
