<?xml version="1.0" encoding="UTF-8"?>
<!-- Generated by org.testng.reporters.JUnitXMLReporter -->
<testsuite ignored="0" hostname="MSDT011" failures="0" tests="2" name="British Web Page Add To Cart Test" time="12.359" errors="0" timestamp="14 Sep 2022 14:56:20 GMT">
  <testcase classname="testpages.BritishWeb_AddToCartTest" name="clickCreateAccount" time="1.617"/>
  <testcase classname="testpages.BritishWeb_AddToCartTest" name="verifyAddToCart" time="6.205"/>
</testsuite> <!-- British Web Page Add To Cart Test -->
