<?xml version="1.0" encoding="UTF-8"?>
<!-- Generated by org.testng.reporters.JUnitXMLReporter -->
<testsuite ignored="0" hostname="MSDT011" failures="0" tests="2" name="BritishWeb Page Add_To_Cart Test" time="12.537" errors="0" timestamp="14 Sep 2022 15:02:16 GMT">
  <testcase classname="testpages.BritishWeb_AddToCartTest" name="clickCreateAccount" time="1.147"/>
  <testcase classname="testpages.BritishWeb_AddToCartTest" name="verifyAddToCart" time="6.126"/>
</testsuite> <!-- BritishWeb Page Add_To_Cart Test -->
