<?xml version="1.0" encoding="UTF-8"?>
<!-- Generated by org.testng.reporters.JUnitXMLReporter -->
<testsuite ignored="0" hostname="MSDT011" failures="0" tests="2" name="BritishWeb HomePage Test" time="33.963" errors="0" timestamp="14 Sep 2022 15:02:03 GMT">
  <testcase classname="testpages.BritishWeb_HomepageTest" name="clickCreateAccount" time="1.121"/>
  <testcase classname="testpages.BritishWeb_HomepageTest" name="checkBritishRedCrossMenuList" time="25.878"/>
</testsuite> <!-- BritishWeb HomePage Test -->
