<?xml version="1.0" encoding="UTF-8"?>
<!-- Generated by org.testng.reporters.JUnitXMLReporter -->
<testsuite ignored="0" hostname="MSDT011" failures="0" tests="2" name="British Web Page Test" time="43.266" errors="0" timestamp="14 Sep 2022 07:41:28 GMT">
  <testcase classname="testpages.BritishWeb_HomepageTest" name="clickCreateAccount" time="1.208"/>
  <testcase classname="testpages.BritishWeb_HomepageTest" name="checkBritishRedCrossMenuList" time="30.867"/>
</testsuite> <!-- British Web Page Test -->
